<?xml version="1.0" encoding="UTF-8"?>
<!-- Generated by org.testng.reporters.JUnitReportReporter -->
<testsuite skipped="0" hostname="Vishwas-MBP.attlocal.net" name="test.UserMenuTest" tests="1" failures="0" timestamp="24 Aug 2022 03:16:03 GMT" time="17.316" errors="0">
  <testcase name="editProfile_TC06" time="17.316" classname="test.UserMenuTest"/>
</testsuite> <!-- test.UserMenuTest -->
